Watching for file changes with StatReloader
Waiting for apps ready_event.
Main Django thread has terminated before apps are ready.
Apps ready_event triggered. Sending autoreload_started signal.
Watching dir C:\Users\Julea\LoveTouch\templates with glob **/*.
File D:\Python\Lib\site-packages\colorama\ansitowin32.py first seen with mtime 1676736934.5819907
File D:\Python\Lib\site-packages\django\db\backends\postgresql\creation.py first seen with mtime 1680884067.1417522
File D:\Python\Lib\site-packages\django\template\library.py first seen with mtime 1680884067.3086922
File D:\Python\Lib\site-packages\twisted\_threads\_team.py first seen with mtime 1695560913.5482275
File D:\Python\Lib\site-packages\channels_redis\__init__.py first seen with mtime 1695118923.9867778
File D:\Python\Lib\os.py first seen with mtime 1630344926.0
File D:\Python\Lib\site-packages\charset_normalizer\md.py first seen with mtime 1631550257.9769855
File D:\Python\Lib\dataclasses.py first seen with mtime 1630344924.0
File D:\Python\Lib\site-packages\twisted\cred\credentials.py first seen with mtime 1695560913.739278
File D:\Python\Lib\site-packages\urllib3\util\wait.py first seen with mtime 1631550255.936997
File D:\Python\Lib\site-packages\twisted\internet\_newtls.py first seen with mtime 1695560913.7783353
File D:\Python\Lib\site-packages\pyasn1\compat\string.py first seen with mtime 1676917668.3022857
File D:\Python\Lib\importlib\__init__.py first seen with mtime 1630344924.0
File D:\Python\Lib\site-packages\pyasn1\codec\__init__.py first seen with mtime 1676917668.2866602
File D:\Python\Lib\encodings\charmap.py first seen with mtime 1630344924.0
File D:\Python\Lib\json\encoder.py first seen with mtime 1630344924.0
File D:\Python\Lib\site-packages\autobahn\_version.py first seen with mtime 1695560922.7972355
File D:\Python\Lib\site-packages\django\contrib\postgres\lookups.py first seen with mtime 1680884066.2734332
File D:\Python\Lib\site-packages\django\core\serializers\__init__.py first seen with mtime 1680884067.0916388
File D:\Python\Lib\socket.py first seen with mtime 1630344926.0
File D:\Python\Lib\site-packages\cryptography\hazmat\primitives\ciphers\base.py first seen with mtime 1691918610.093831
File D:\Python\Lib\site-packages\django\core\checks\database.py first seen with mtime 1680884067.0248845
File D:\Python\Lib\site-packages\django\db\models\sql\where.py first seen with mtime 1680884067.20854
File D:\Python\Lib\site-packages\django_filters\conf.py first seen with mtime 1694246687.3229027
File D:\Python\Lib\site-packages\twisted\_threads\__init__.py first seen with mtime 1695560913.5386946
File D:\Python\Lib\site-packages\autobahn\websocket\compress.py first seen with mtime 1695560923.06086
File D:\Python\Lib\site-packages\sqlparse\engine\__init__.py first seen with mtime 1680884060.964287
File C:\Users\Julea\LoveTouch\albums\__init__.py first seen with mtime 1691005531.116601
File D:\Python\Lib\_compat_pickle.py first seen with mtime 1630344924.0
File D:\Python\Lib\site-packages\django\contrib\staticfiles\__init__.py first seen with mtime 1680884067.0081496
File D:\Python\Lib\site-packages\twisted\python\threadable.py first seen with mtime 1695560914.219456
File D:\Python\Lib\site-packages\twisted\python\util.py first seen with mtime 1695560914.2254555
File D:\Python\Lib\site-packages\django\forms\boundfield.py first seen with mtime 1680884067.20854
File D:\Python\Lib\site-packages\pyasn1\type\opentype.py first seen with mtime 1676917668.3179097
File D:\Python\Lib\site-packages\txaio\_util.py first seen with mtime 1695560912.326628
File D:\Python\Lib\site-packages\pyasn1\type\useful.py first seen with mtime 1676917668.3179097
File D:\Python\Lib\site-packages\click\_compat.py first seen with mtime 1676736936.9722323
File D:\Python\Lib\site-packages\cryptography\hazmat\bindings\openssl\_conditional.py first seen with mtime 1691918610.0612755
File D:\Python\Lib\site-packages\django\core\checks\__init__.py first seen with mtime 1680884067.0248845
File D:\Python\Lib\site-packages\django_filters\filterset.py first seen with mtime 1694246687.3278966
File D:\Python\Lib\site-packages\twisted\web\iweb.py first seen with mtime 1695560914.9120722
File D:\Python\Lib\site-packages\urllib3\util\ssl_.py first seen with mtime 1631550255.9324791
File D:\Python\Lib\site-packages\pyasn1\debug.py first seen with mtime 1676917668.2866602
File D:\Python\Lib\site-packages\django\contrib\auth\hashers.py first seen with mtime 1680884062.9840555
File D:\Python\Lib\site-packages\twisted\python\zippath.py first seen with mtime 1695560914.227453
File D:\Python\Lib\site-packages\django\db\backends\base\operations.py first seen with mtime 1680884067.108328
File D:\Python\Lib\site-packages\autobahn\wamp\message.py first seen with mtime 1695560922.8864734
File D:\Python\Lib\site-packages\django\db\models\fields\json.py first seen with mtime 1680884067.1751263
File D:\Python\Lib\site-packages\click\globals.py first seen with mtime 1676736936.9970064
File D:\Python\Lib\site-packages\_cffi_backend.cp39-win_amd64.pyd first seen with mtime 1633876852.6159372
File D:\Python\Lib\site-packages\django\core\management\commands\runserver.py first seen with mtime 1680884067.0905569
File D:\Python\Lib\site-packages\rosetta\conf\__init__.py first seen with mtime 1682524724.684612
File D:\Python\Lib\site-packages\cryptography\hazmat\bindings\openssl\__init__.py first seen with mtime 1691918610.033603
File D:\Python\Lib\site-packages\django\db\models\functions\datetime.py first seen with mtime 1680884067.191825
File D:\Python\Lib\site-packages\django\templatetags\l10n.py first seen with mtime 1680884067.3254294
File D:\Python\Lib\site-packages\win32\win32pipe.pyd first seen with mtime 1677191592.9542787
File D:\Python\Lib\site-packages\zope\interface\interface.py first seen with mtime 1695560911.6327074
File D:\Python\DLLs\_hashlib.pyd first seen with mtime 1630345002.0
File D:\Python\Lib\site-packages\django\core\files\__init__.py first seen with mtime 1680884067.041624
File D:\Python\Lib\email\quoprimime.py first seen with mtime 1630344924.0
File D:\Python\Lib\site-packages\cryptography\hazmat\_oid.py first seen with mtime 1691918609.9564822
File D:\Python\Lib\site-packages\twisted\internet\_pollingfile.py first seen with mtime 1695560913.779337
File D:\Python\Lib\json\decoder.py first seen with mtime 1630344924.0
File D:\Python\Lib\site-packages\pyasn1_modules\rfc2459.py first seen with mtime 1676917711.227852
File D:\Python\Lib\site-packages\urllib3\util\response.py first seen with mtime 1631550255.9324791
File D:\Python\Lib\stat.py first seen with mtime 1630344926.0
File D:\Python\Lib\site-packages\colorama\__init__.py first seen with mtime 1676736934.5769267
File D:\Python\Lib\site-packages\attrs\exceptions.py first seen with mtime 1695560912.8768167
File D:\Python\Lib\site-packages\django\utils\timesince.py first seen with mtime 1680884067.3754945
File D:\Python\Lib\site-packages\sqlparse\filters\output.py first seen with mtime 1680884060.9811766
File D:\Python\Lib\site-packages\django\utils\html.py first seen with mtime 1680884067.3754945
File D:\Python\Lib\site-packages\autobahn\websocket\compress_base.py first seen with mtime 1695560923.0618622
File D:\Python\Lib\asyncio\format_helpers.py first seen with mtime 1630344924.0
File D:\Python\Lib\site-packages\django\views\i18n.py first seen with mtime 1680884067.3922105
File D:\Python\Lib\site-packages\txaio\_unframework.py first seen with mtime 1695560912.3256214
File D:\Python\Lib\email\policy.py first seen with mtime 1630344924.0
File D:\Python\Lib\site-packages\daphne\apps.py first seen with mtime 1695560925.5869052
File D:\Python\Lib\site-packages\django\db\models\sql\constants.py first seen with mtime 1680884067.191825
File D:\Python\Lib\site-packages\django\db\migrations\serializer.py first seen with mtime 1680884067.1584885
File D:\Python\Lib\email\charset.py first seen with mtime 1630344924.0
File D:\Python\Lib\gettext.py first seen with mtime 1630344924.0
File D:\Python\Lib\site-packages\pyasn1\type\tag.py first seen with mtime 1676917668.3179097
File D:\Python\Lib\site-packages\sqlparse\sql.py first seen with mtime 1680884060.9468927
File D:\Python\Lib\site-packages\modeltranslation\__init__.py first seen with mtime 1702414566.3168578
File D:\Python\Lib\site-packages\twisted\web\__init__.py first seen with mtime 1695560914.8403687
File D:\Python\Lib\site-packages\attr\_compat.py first seen with mtime 1695560912.8260055
File D:\Python\Lib\site-packages\cryptography\__init__.py first seen with mtime 1691918609.9513097
File D:\Python\Lib\site-packages\pyasn1\codec\der\__init__.py first seen with mtime 1676917668.3022857
File D:\Python\Lib\wsgiref\util.py first seen with mtime 1630344926.0
File D:\Python\Lib\site-packages\easy_thumbnails\__init__.py first seen with mtime 1691004958.400684
File D:\Python\Lib\site-packages\django\views\generic\edit.py first seen with mtime 1680884067.4088783
File D:\Python\Lib\site-packages\attrs\converters.py first seen with mtime 1695560912.8758144
File D:\Python\Lib\site-packages\django\template\loaders\__init__.py first seen with mtime 1680884067.3086922
File D:\Python\Lib\textwrap.py first seen with mtime 1630344926.0
File D:\Python\Lib\site-packages\requests\structures.py first seen with mtime 1631550258.588951
File D:\Python\Lib\site-packages\django\core\cache\backends\filebased.py first seen with mtime 1680884067.0248845
File D:\Python\Lib\site-packages\cryptography\hazmat\primitives\constant_time.py first seen with mtime 1691918610.0765586
File D:\Python\Lib\site-packages\psycopg2\extensions.py first seen with mtime 1688494062.0912776
File D:\Python\Lib\site-packages\django\contrib\admin\views\__init__.py first seen with mtime 1680884062.7668903
File D:\Python\Lib\site-packages\django\db\models\sql\datastructures.py first seen with mtime 1680884067.191825
File D:\Python\Lib\site-packages\django\template\utils.py first seen with mtime 1680884067.3086922
File D:\Python\Lib\pkgutil.py first seen with mtime 1630344926.0
File D:\Python\Lib\site-packages\django_filters\exceptions.py first seen with mtime 1694246687.3248954
File D:\Python\Lib\site-packages\certifi\core.py first seen with mtime 1631550258.1638548
File D:\Python\Lib\site-packages\colorama\ansi.py first seen with mtime 1676736934.5769267
File D:\Python\Lib\site-packages\twisted\internet\ssl.py first seen with mtime 1695560913.8172455
File D:\Python\Lib\site-packages\pyasn1\type\constraint.py first seen with mtime 1676917668.3179097
File D:\Python\Lib\site-packages\cryptography\x509\certificate_transparency.py first seen with mtime 1691918610.1099575
File D:\Python\Lib\site-packages\django\urls\resolvers.py first seen with mtime 1680884067.3421092
File D:\Python\Lib\site-packages\django\views\decorators\common.py first seen with mtime 1680884067.3922105
File C:\Users\Julea\LoveTouch\albums\apps.py first seen with mtime 1691005531.1009815
File D:\Python\Lib\site-packages\django\contrib\staticfiles\apps.py first seen with mtime 1680884067.0081496
File D:\Python\Lib\site-packages\django_filters\widgets.py first seen with mtime 1694246687.3308954
File D:\Python\Lib\site-packages\pyasn1\compat\dateandtime.py first seen with mtime 1676917668.3022857
File D:\Python\Lib\asyncio\events.py first seen with mtime 1630344924.0
File D:\Python\Lib\site-packages\django\core\validators.py first seen with mtime 1680884067.0248845
File D:\Python\Lib\site-packages\django\views\generic\dates.py first seen with mtime 1680884067.4088783
File D:\Python\Lib\site-packages\django\utils\hashable.py first seen with mtime 1680884067.3754945
File D:\Python\Lib\site-packages\django\forms\utils.py first seen with mtime 1680884067.20854
File D:\Python\Lib\site-packages\pyasn1\type\base.py first seen with mtime 1676917668.3179097
File D:\Python\Lib\site-packages\django\contrib\__init__.py first seen with mtime 1680884062.2326107
File D:\Python\Lib\site-packages\django\db\migrations\loader.py first seen with mtime 1680884067.1584885
File D:\Python\Lib\site-packages\pyasn1\codec\cer\__init__.py first seen with mtime 1676917668.3022857
File D:\Python\Lib\pathlib.py first seen with mtime 1630344926.0
File D:\Python\Lib\site-packages\django\utils\translation\__init__.py first seen with mtime 1680884067.3922105
File D:\Python\Lib\site-packages\sqlparse\filters\right_margin.py first seen with mtime 1680884060.9811766
File D:\Python\Lib\email\encoders.py first seen with mtime 1630344924.0
File D:\Python\Lib\site-packages\win32\win32api.pyd first seen with mtime 1677191592.9342754
File D:\Python\Lib\cgi.py first seen with mtime 1630344924.0
File D:\Python\Lib\site-packages\autobahn\websocket\compress_deflate.py first seen with mtime 1695560923.0638568
File D:\Python\Lib\site-packages\click\utils.py first seen with mtime 1676736937.0319111
File D:\Python\Lib\site-packages\django\contrib\admin\checks.py first seen with mtime 1680884062.2326107
File D:\Python\Lib\asyncio\base_futures.py first seen with mtime 1630344924.0
File D:\Python\Lib\site-packages\django\db\backends\postgresql\operations.py first seen with mtime 1680884067.1417522
File D:\Python\Lib\asyncio\log.py first seen with mtime 1630344924.0
File D:\Python\Lib\site-packages\django\db\migrations\operations\base.py first seen with mtime 1680884067.1584885
File D:\Python\Lib\site-packages\django_filters\constants.py first seen with mtime 1694246687.3238976
File D:\Python\Lib\site-packages\social\apps\django_app\default\__init__.py first seen with mtime 1683462987.5953996
File D:\Python\Lib\site-packages\django\contrib\postgres\search.py first seen with mtime 1680884066.2734332
File D:\Python\Lib\email\header.py first seen with mtime 1630344924.0
File D:\Python\Lib\importlib\metadata.py first seen with mtime 1630344924.0
File D:\Python\Lib\site-packages\django\utils\topological_sort.py first seen with mtime 1680884067.3922105
File D:\Python\Lib\site-packages\django\core\checks\async_checks.py first seen with mtime 1680884067.0248845
File D:\Python\Lib\site-packages\django\apps\config.py first seen with mtime 1680884061.4981337
File D:\Python\Lib\site-packages\django\core\management\__init__.py first seen with mtime 1680884067.0738893
File D:\Python\Lib\site-packages\django\db\models\functions\text.py first seen with mtime 1680884067.191825
File D:\Python\Lib\email\errors.py first seen with mtime 1630344924.0
File D:\Python\Lib\site-packages\twisted\internet\_signals.py first seen with mtime 1695560913.7845294
File D:\Python\Lib\site-packages\autobahn\websocket\__init__.py first seen with mtime 1695560923.0598626
File D:\Python\Lib\uuid.py first seen with mtime 1630344926.0
File D:\Python\Lib\site-packages\django\db\models\functions\math.py first seen with mtime 1680884067.191825
File D:\Python\Lib\site-packages\django\core\management\commands\__init__.py first seen with mtime 1680884067.0749247
File D:\Python\Lib\site-packages\django\contrib\contenttypes\__init__.py first seen with mtime 1680884063.3178923
File D:\Python\Lib\site-packages\taggit\__init__.py first seen with mtime 1688289053.6040845
File D:\Python\Lib\site-packages\django\middleware\cache.py first seen with mtime 1680884067.2919986
File D:\Python\Lib\site-packages\django\db\backends\postgresql\psycopg_any.py first seen with mtime 1680884067.1417522
File D:\Python\Lib\site-packages\django\db\models\lookups.py first seen with mtime 1680884067.1751263
File D:\Python\Lib\site-packages\pyasn1\compat\octets.py first seen with mtime 1676917668.3022857
File D:\Python\Lib\site-packages\pyasn1\type\namedtype.py first seen with mtime 1676917668.3179097
File D:\Python\Lib\stringprep.py first seen with mtime 1630344926.0
File D:\Python\Lib\http\server.py first seen with mtime 1630344924.0
File D:\Python\Lib\site-packages\django\contrib\postgres\__init__.py first seen with mtime 1680884066.2734332
File D:\Python\Lib\site-packages\twisted\internet\posixbase.py first seen with mtime 1695560913.810713
File D:\Python\Lib\asyncio\subprocess.py first seen with mtime 1630344924.0
File D:\Python\DLLs\unicodedata.pyd first seen with mtime 1630345004.0
File D:\Python\DLLs\_bz2.pyd first seen with mtime 1630345002.0
File D:\Python\Lib\site-packages\django\utils\datastructures.py first seen with mtime 1680884067.3587515
File D:\Python\Lib\site-packages\urllib3\connectionpool.py first seen with mtime 1631550255.8824992
File D:\Python\Lib\site-packages\django\utils\crypto.py first seen with mtime 1680884067.3587515
File D:\Python\Lib\site-packages\OpenSSL\__init__.py first seen with mtime 1691918610.6833408
File D:\Python\Lib\site-packages\modeltranslation\apps.py first seen with mtime 1702414566.384759
File D:\Python\Lib\site-packages\zope\interface\declarations.py first seen with mtime 1695560911.6282794
File D:\Python\Lib\site-packages\click\formatting.py first seen with mtime 1676736936.991989
File D:\Python\Lib\shutil.py first seen with mtime 1630344926.0
File D:\Python\Lib\http\cookies.py first seen with mtime 1630344924.0
File D:\Python\Lib\site-packages\twisted\protocols\tls.py first seen with mtime 1695560914.1719074
File D:\Python\Lib\site-packages\easy_thumbnails\apps.py first seen with mtime 1691004958.400684
File D:\Python\Lib\site-packages\django\db\backends\base\features.py first seen with mtime 1680884067.108328
File D:\Python\Lib\__future__.py first seen with mtime 1630344924.0
File D:\Python\Lib\concurrent\futures\__init__.py first seen with mtime 1630344924.0
File D:\Python\Lib\site-packages\social_core\utils.py first seen with mtime 1681211536.2397265
File D:\Python\Lib\site-packages\twisted\_threads\_pool.py first seen with mtime 1695560913.5452168
File D:\Python\Lib\dis.py first seen with mtime 1630344924.0
File D:\Python\Lib\site-packages\django\contrib\messages\storage\base.py first seen with mtime 1680884066.256763
File D:\Python\Lib\site-packages\django\contrib\sites\management.py first seen with mtime 1680884066.8243814
File D:\Python\Lib\site-packages\django\db\backends\base\validation.py first seen with mtime 1680884067.108328
File D:\Python\Lib\site-packages\django\db\backends\base\client.py first seen with mtime 1680884067.108328
File D:\Python\Lib\site-packages\cryptography\exceptions.py first seen with mtime 1691918609.952481
File D:\Python\Lib\site-packages\django\db\models\fields\related_descriptors.py first seen with mtime 1680884067.191825
File D:\Python\Lib\site-packages\rosetta\__init__.py first seen with mtime 1682524724.6596224
File D:\Python\Lib\encodings\utf_8.py first seen with mtime 1630344924.0
File D:\Python\Lib\site-packages\psycopg2\_psycopg.cp39-win_amd64.pyd first seen with mtime 1688494062.0862684
File D:\Python\Lib\site-packages\django\core\__init__.py first seen with mtime 1680884067.0081496
File D:\Python\Lib\site-packages\twisted\logger\__init__.py first seen with mtime 1695560913.9319384
File D:\Python\Lib\site-packages\django\views\__init__.py first seen with mtime 1680884067.3922105
File D:\Python\Lib\site-packages\django\db\models\query.py first seen with mtime 1680884067.1751263
File D:\Python\Lib\numbers.py first seen with mtime 1630344926.0
File D:\Python\Lib\site-packages\autobahn\wamp\interfaces.py first seen with mtime 1695560922.884471
File D:\Python\Lib\site-packages\django\db\models\utils.py first seen with mtime 1680884067.1751263
File D:\Python\Lib\site-packages\attrs\setters.py first seen with mtime 1695560912.8788164
File D:\Python\Lib\site-packages\urllib3\_collections.py first seen with mtime 1631550255.8824992
File D:\Python\Lib\site-packages\service_identity\pyopenssl.py first seen with mtime 1695560922.5720978
File D:\Python\Lib\site-packages\urllib3\util\connection.py first seen with mtime 1631550255.9274216
File D:\Python\Lib\site-packages\autobahn\wamp\exception.py first seen with mtime 1695560922.8534732
File D:\Python\Lib\site-packages\django\__init__.py first seen with mtime 1680884061.496847
File D:\Python\Lib\quopri.py first seen with mtime 1630344926.0
File D:\Python\Lib\site-packages\autobahn\websocket\compress_bzip2.py first seen with mtime 1695560923.062859
File D:\Python\Lib\site-packages\django\urls\utils.py first seen with mtime 1680884067.3421092
File D:\Python\Lib\site-packages\django\template\__init__.py first seen with mtime 1680884067.2919986
File D:\Python\Lib\site-packages\django\conf\locale\__init__.py first seen with mtime 1680884061.4981337
File D:\Python\Lib\site-packages\django\views\generic\__init__.py first seen with mtime 1680884067.4088783
File D:\Python\Lib\site-packages\django\utils\version.py first seen with mtime 1680884067.3922105
File D:\Python\Lib\site-packages\cryptography\hazmat\primitives\asymmetric\utils.py first seen with mtime 1691918610.089693
File D:\Python\Lib\site-packages\django\db\models\deletion.py first seen with mtime 1680884067.1751263
File D:\Python\Lib\site-packages\social\apps\django_app\__init__.py first seen with mtime 1683462987.5953996
File D:\Python\Lib\site-packages\attr\validators.py first seen with mtime 1695560912.871815
File D:\Python\Lib\site-packages\idna\__init__.py first seen with mtime 1631550257.6720843
File D:\Python\Lib\site-packages\autobahn\wamp\__init__.py first seen with mtime 1695560922.848467
File D:\Python\Lib\site-packages\autobahn\wamp\protocol.py first seen with mtime 1695560922.888474
File D:\Python\Lib\mimetypes.py first seen with mtime 1630344926.0
File D:\Python\Lib\site-packages\django\core\checks\files.py first seen with mtime 1680884067.040518
File C:\Users\Julea\LoveTouch\account\__init__.py first seen with mtime 1694892424.1501687
File D:\Python\Lib\site-packages\urllib3\util\request.py first seen with mtime 1631550255.9274216
File D:\Python\Lib\site-packages\django\template\loaders\app_directories.py first seen with mtime 1680884067.3243256
File D:\Python\Lib\site-packages\txaio\_common.py first seen with mtime 1695560912.320623
File D:\Python\Lib\site-packages\django\forms\__init__.py first seen with mtime 1680884067.20854
File D:\Python\Lib\tempfile.py first seen with mtime 1630344926.0
File D:\Python\Lib\site-packages\cryptography\x509\name.py first seen with mtime 1691918610.1121
File D:\Python\Lib\site-packages\django\utils\connection.py first seen with mtime 1680884067.3421092
File D:\Python\Lib\asyncio\base_tasks.py first seen with mtime 1630344924.0
File D:\Python\Lib\html\__init__.py first seen with mtime 1630344924.0
File D:\Python\Lib\site-packages\win32\win32file.pyd first seen with mtime 1677191592.9442785
File D:\Python\Lib\site-packages\service_identity\__init__.py first seen with mtime 1695560922.567097
File D:\Python\Lib\nturl2path.py first seen with mtime 1630344926.0
File D:\Python\Lib\site-packages\django\contrib\contenttypes\apps.py first seen with mtime 1680884063.3178923
File D:\Python\Lib\site-packages\taggit\apps.py first seen with mtime 1688289053.621253
File D:\Python\Lib\encodings\aliases.py first seen with mtime 1630344924.0
File D:\Python\Lib\concurrent\__init__.py first seen with mtime 1630344924.0
File D:\Python\Lib\site-packages\colorama\initialise.py first seen with mtime 1676736934.5819907
File D:\Python\Lib\site-packages\cryptography\x509\oid.py first seen with mtime 1691918610.1141033
File D:\Python\Lib\site-packages\django\core\serializers\python.py first seen with mtime 1680884067.0916388
File D:\Python\Lib\site-packages\django\utils\safestring.py first seen with mtime 1680884067.3754945
File D:\Python\Lib\site-packages\click\__init__.py first seen with mtime 1676736936.9670887
File D:\Python\Lib\json\__init__.py first seen with mtime 1630344924.0
File D:\Python\Lib\site-packages\django\templatetags\cache.py first seen with mtime 1680884067.3254294
File D:\Python\Lib\site-packages\django\db\backends\utils.py first seen with mtime 1680884067.108328
File D:\Python\Lib\site-packages\django\contrib\postgres\apps.py first seen with mtime 1680884066.2734332
File D:\Python\Lib\site-packages\pyasn1\codec\ber\__init__.py first seen with mtime 1676917668.2866602
File D:\Python\Lib\site-packages\sqlparse\filters\tokens.py first seen with mtime 1680884060.9982226
File D:\Python\Lib\site-packages\urllib3\__init__.py first seen with mtime 1631550255.8824992
File D:\Python\Lib\site-packages\autobahn\util.py first seen with mtime 1695560922.8002372
File D:\Python\Lib\site-packages\django\core\files\locks.py first seen with mtime 1680884067.041624
File D:\Python\Lib\io.py first seen with mtime 1630344924.0
File D:\Python\Lib\site-packages\urllib3\packages\six.py first seen with mtime 1631550255.922405
File D:\Python\Lib\logging\__init__.py first seen with mtime 1630344924.0
File D:\Python\Lib\site-packages\attr\filters.py first seen with mtime 1695560912.8585894
File D:\Python\Lib\importlib\abc.py first seen with mtime 1630344924.0
File D:\Python\Lib\site-packages\cryptography\hazmat\primitives\__init__.py first seen with mtime 1691918610.0725496
File D:\Python\Lib\site-packages\sqlparse\engine\filter_stack.py first seen with mtime 1680884060.964287
File D:\Python\Lib\site-packages\django\db\backends\postgresql\schema.py first seen with mtime 1680884067.1417522
File D:\Python\Lib\site-packages\charset_normalizer\version.py first seen with mtime 1631550257.9870803
File D:\Python\Lib\site-packages\django\templatetags\static.py first seen with mtime 1680884067.3254294
File D:\Python\Lib\site-packages\requests\__version__.py first seen with mtime 1631550258.557955
File D:\Python\Lib\site-packages\twisted\internet\stdio.py first seen with mtime 1695560913.8182492
File D:\Python\Lib\site-packages\django\db\backends\postgresql\features.py first seen with mtime 1680884067.1417522
File D:\Python\Lib\site-packages\django\db\migrations\operations\special.py first seen with mtime 1680884067.1584885
File D:\Python\Lib\site-packages\django\contrib\admin\decorators.py first seen with mtime 1680884062.2326107
File D:\Python\Lib\importlib\util.py first seen with mtime 1630344924.0
File D:\Python\Lib\site-packages\attr\_version_info.py first seen with mtime 1695560912.8320043
File D:\Python\Lib\site-packages\django\core\files\temp.py first seen with mtime 1680884067.041624
File D:\Python\Lib\pickle.py first seen with mtime 1630344926.0
File D:\Python\Lib\site-packages\django\db\backends\postgresql\client.py first seen with mtime 1680884067.1417522
File D:\Python\Lib\site-packages\django\views\generic\list.py first seen with mtime 1680884067.4088783
File D:\Python\Lib\site-packages\django\utils\cache.py first seen with mtime 1680884067.3421092
File D:\Python\Lib\site-packages\django\db\backends\base\__init__.py first seen with mtime 1680884067.108328
File D:\Python\Lib\site-packages\django\db\models\constraints.py first seen with mtime 1680884067.1751263
File D:\Python\Lib\site-packages\django\template\loaders\base.py first seen with mtime 1680884067.3254294
File D:\Python\Lib\site-packages\django\utils\termcolors.py first seen with mtime 1680884067.3754945
File D:\Python\DLLs\_lzma.pyd first seen with mtime 1630345002.0
File D:\Python\Lib\site-packages\click\decorators.py first seen with mtime 1676736936.9868326
File D:\Python\Lib\site-packages\cryptography\x509\__init__.py first seen with mtime 1691918610.107958
File D:\Python\Lib\email\mime\text.py first seen with mtime 1630344924.0
File D:\Python\Lib\site-packages\sqlparse\cli.py first seen with mtime 1680884060.9135888
File D:\Python\Lib\site-packages\django\apps\__init__.py first seen with mtime 1680884061.4981337
File D:\Python\Lib\site-packages\sqlparse\filters\__init__.py first seen with mtime 1680884060.9811766
File D:\Python\Lib\site-packages\django\contrib\sessions\__init__.py first seen with mtime 1680884066.6241114
File D:\Python\Lib\queue.py first seen with mtime 1630344926.0
File D:\Python\Lib\urllib\error.py first seen with mtime 1630344926.0
File D:\Python\Lib\site-packages\twisted\python\_tzhelper.py first seen with mtime 1695560914.1933825
File D:\Python\Lib\site-packages\social_core\__init__.py first seen with mtime 1681211536.2232716
File D:\Python\Lib\site-packages\django\dispatch\__init__.py first seen with mtime 1680884067.20854
File D:\Python\Lib\site-packages\twisted\logger\_levels.py first seen with mtime 1695560913.9351766
File D:\Python\Lib\site-packages\django\views\decorators\__init__.py first seen with mtime 1680884067.3922105
File D:\Python\Lib\site-packages\attr\__init__.py first seen with mtime 1695560912.8217645
File D:\Python\Lib\site-packages\social\apps\__init__.py first seen with mtime 1683462987.5953996
File C:\Users\Julea\LoveTouch\manage.py first seen with mtime 1683061453.5764623
File D:\Python\Lib\asyncio\tasks.py first seen with mtime 1630344924.0
File D:\Python\Lib\site-packages\django\template\response.py first seen with mtime 1680884067.3086922
File D:\Python\Lib\site-packages\django\db\migrations\migration.py first seen with mtime 1680884067.1584885
File D:\Python\Lib\site-packages\cryptography\hazmat\primitives\asymmetric\x448.py first seen with mtime 1691918610.090687
File D:\Python\Lib\site-packages\django\utils\itercompat.py first seen with mtime 1680884067.3754945
File D:\Python\Lib\site-packages\requests\exceptions.py first seen with mtime 1631550258.5769522
File D:\Python\Lib\site-packages\twisted\protocols\__init__.py first seen with mtime 1695560914.1547418
File D:\Python\Lib\site-packages\django\utils\text.py first seen with mtime 1680884067.3754945
File D:\Python\Lib\site-packages\django\db\models\expressions.py first seen with mtime 1680884067.1751263
File D:\Python\Lib\site-packages\twisted\internet\abstract.py first seen with mtime 1695560913.7895312
File D:\Python\Lib\site-packages\django\db\models\__init__.py first seen with mtime 1680884067.1584885
File D:\Python\Lib\site-packages\django\db\models\indexes.py first seen with mtime 1680884067.1751263
File C:\Users\Julea\LoveTouch\account\apps.py first seen with mtime 1694892419.6324706
File D:\Python\Lib\site-packages\pyasn1_modules\__init__.py first seen with mtime 1676917711.2122228
File D:\Python\DLLs\_queue.pyd first seen with mtime 1630345002.0
File D:\Python\Lib\site-packages\django\db\models\enums.py first seen with mtime 1680884067.1751263
File D:\Python\Lib\site-packages\django\template\exceptions.py first seen with mtime 1680884067.3086922
File D:\Python\Lib\site-packages\django\db\migrations\operations\fields.py first seen with mtime 1680884067.1584885
File D:\Python\Lib\asyncio\sslproto.py first seen with mtime 1630344924.0
File D:\Python\Lib\site-packages\requests\sessions.py first seen with mtime 1631550258.5879514
File D:\Python\Lib\site-packages\django\urls\__init__.py first seen with mtime 1680884067.3254294
File D:\Python\Lib\site-packages\twisted\python\failure.py first seen with mtime 1695560914.2003872
File D:\Python\Lib\site-packages\twisted\python\versions.py first seen with mtime 1695560914.2264552
File D:\Python\Lib\asyncio\windows_events.py first seen with mtime 1630344924.0
File D:\Python\Lib\site-packages\cryptography\hazmat\primitives\asymmetric\__init__.py first seen with mtime 1691918610.0815537
File D:\Python\Lib\site-packages\django\core\files\uploadedfile.py first seen with mtime 1680884067.041624
File D:\Python\Lib\site-packages\django\utils\autoreload.py first seen with mtime 1680884067.3421092
File D:\Python\Lib\site-packages\django\core\mail\utils.py first seen with mtime 1680884067.0582619
File D:\Python\Lib\collections\__init__.py first seen with mtime 1630344924.0
File D:\Python\Lib\site-packages\bootstrap4\__init__.py first seen with mtime 1687880584.6057703
File D:\Python\Lib\site-packages\pyasn1\error.py first seen with mtime 1676917668.2866602
File D:\Python\Lib\site-packages\requests\cookies.py first seen with mtime 1631550258.5749524
File D:\Python\Lib\wsgiref\handlers.py first seen with mtime 1630344926.0
File D:\Python\Lib\site-packages\cryptography\hazmat\primitives\asymmetric\ec.py first seen with mtime 1691918610.0846932
File D:\Python\Lib\html\entities.py first seen with mtime 1630344924.0
File D:\Python\Lib\site-packages\twisted\internet\error.py first seen with mtime 1695560913.7987137
File D:\Python\Lib\site-packages\twisted\internet\defer.py first seen with mtime 1695560913.7957125
File D:\Python\Lib\_sitebuiltins.py first seen with mtime 1630344924.0
File D:\Python\Lib\site-packages\twisted\web\http.py first seen with mtime 1695560914.9110706
File D:\Python\Lib\functools.py first seen with mtime 1630344924.0
File D:\Python\Lib\encodings\cp1251.py first seen with mtime 1630344924.0
File D:\Python\Lib\site-packages\django\core\management\base.py first seen with mtime 1680884067.0749247
File D:\Python\Lib\site-packages\django\urls\conf.py first seen with mtime 1680884067.3421092
File D:\Python\Lib\ctypes\_endian.py first seen with mtime 1630344924.0
File D:\Python\Lib\site-packages\django\contrib\admin\templatetags\admin_urls.py first seen with mtime 1680884062.7668903
File D:\Python\Lib\site-packages\twisted\python\log.py first seen with mtime 1695560914.2055867
File D:\Python\Lib\signal.py first seen with mtime 1630344926.0
File D:\Python\Lib\site-packages\twisted\python\context.py first seen with mtime 1695560914.1983857
File D:\Python\Lib\urllib\__init__.py first seen with mtime 1630344926.0
File D:\Python\Lib\site-packages\attr\_make.py first seen with mtime 1695560912.8290057
File D:\Python\Lib\site-packages\django\contrib\postgres\serializers.py first seen with mtime 1680884066.2734332
File D:\Python\Lib\site-packages\pyasn1\compat\binary.py first seen with mtime 1676917668.3022857
File D:\Python\Lib\site-packages\click\exceptions.py first seen with mtime 1676736936.991989
File D:\Python\Lib\encodings\idna.py first seen with mtime 1630344924.0
File D:\Python\Lib\site-packages\autobahn\websocket\xormasker.py first seen with mtime 1695560923.0662363
File D:\Python\Lib\site-packages\requests\hooks.py first seen with mtime 1631550258.5819547
File D:\Python\Lib\site-packages\twisted\internet\asyncioreactor.py first seen with mtime 1695560913.7915318
File D:\Python\Lib\site-packages\django\core\handlers\wsgi.py first seen with mtime 1680884067.0582619
File D:\Python\Lib\site-packages\django\utils\tree.py first seen with mtime 1680884067.3922105
File D:\Python\Lib\site-packages\zope\interface\_compat.py first seen with mtime 1695560911.599284
File D:\Python\Lib\asyncio\base_events.py first seen with mtime 1630344924.0
File D:\Python\Lib\site-packages\requests\auth.py first seen with mtime 1631550258.5679574
File D:\Python\Lib\concurrent\futures\_base.py first seen with mtime 1630344924.0
File D:\Python\Lib\site-packages\cryptography\hazmat\primitives\serialization\__init__.py first seen with mtime 1691918610.1019495
File D:\Python\Lib\site-packages\django\template\loaders\filesystem.py first seen with mtime 1680884067.3254294
File D:\Python\Lib\site-packages\requests\certs.py first seen with mtime 1631550258.5709577
File D:\Python\Lib\site-packages\django_filters\fields.py first seen with mtime 1694246687.3258965
File D:\Python\Lib\ast.py first seen with mtime 1630344924.0
File D:\Python\Lib\site-packages\django\db\models\aggregates.py first seen with mtime 1680884067.1584885
File D:\Python\Lib\site-packages\twisted\internet\interfaces.py first seen with mtime 1695560913.8057132
File D:\Python\Lib\site-packages\django\db\backends\postgresql\__init__.py first seen with mtime 1680884067.1251452
File D:\Python\Lib\site-packages\social_core\backends\__init__.py first seen with mtime 1681211536.2397265
File C:\Users\Julea\LoveTouch\chat_app\__init__.py first seen with mtime 1695585965.669168
File D:\Python\Lib\site-packages\autobahn\wamp\auth.py first seen with mtime 1695560922.8494718
File D:\Python\Lib\site-packages\django\contrib\sessions\apps.py first seen with mtime 1680884066.6241114
File D:\Python\Lib\zoneinfo\_common.py first seen with mtime 1630344926.0
File D:\Python\Lib\re.py first seen with mtime 1630344926.0
File D:\Python\Lib\site-packages\twisted\internet\endpoints.py first seen with mtime 1695560913.7967186
File D:\Python\Lib\email\mime\nonmultipart.py first seen with mtime 1630344924.0
File D:\Python\Lib\hmac.py first seen with mtime 1630344924.0
File D:\Python\Lib\site-packages\autobahn\websocket\utf8validator.py first seen with mtime 1695560923.0662363
File D:\Python\Lib\site-packages\cryptography\hazmat\bindings\openssl\binding.py first seen with mtime 1691918610.0724587
File D:\Python\Lib\site-packages\daphne\ws_protocol.py first seen with mtime 1695560925.5979037
File D:\Python\Lib\site-packages\django\utils\functional.py first seen with mtime 1680884067.3754945
File D:\Python\Lib\email\contentmanager.py first seen with mtime 1630344924.0
File D:\Python\Lib\site-packages\pyasn1\__init__.py first seen with mtime 1676917668.2866602
File D:\Python\Lib\warnings.py first seen with mtime 1630344926.0
File D:\Python\Lib\site-packages\django\db\migrations\__init__.py first seen with mtime 1680884067.1417522
File D:\Python\Lib\site-packages\twisted\internet\__init__.py first seen with mtime 1695560913.7514536
File D:\Python\Lib\site-packages\twisted\python\modules.py first seen with mtime 1695560914.2075882
File D:\Python\Lib\encodings\__init__.py first seen with mtime 1630344924.0
File D:\Python\Lib\site-packages\twisted\logger\_legacy.py first seen with mtime 1695560913.9351766
File D:\Python\Lib\site-packages\constantly\__init__.py first seen with mtime 1695560911.4631753
File D:\Python\Lib\site-packages\attr\exceptions.py first seen with mtime 1695560912.8576028
File D:\Python\Lib\site-packages\typing_extensions.py first seen with mtime 1694926710.9256551
File C:\Users\Julea\LoveTouch\LoveTouch\__init__.py first seen with mtime 1683061453.5920823
File D:\Python\Lib\concurrent\futures\thread.py first seen with mtime 1630344924.0
File D:\Python\Lib\site-packages\django\template\base.py first seen with mtime 1680884067.3086922
File D:\Python\Lib\heapq.py first seen with mtime 1630344924.0
File D:\Python\Lib\site-packages\django\views\generic\base.py first seen with mtime 1680884067.4088783
File D:\Python\Lib\zoneinfo\_tzpath.py first seen with mtime 1630344926.0
File D:\Python\Lib\logging\handlers.py first seen with mtime 1630344924.0
File D:\Python\Lib\site-packages\twisted\python\randbytes.py first seen with mtime 1695560914.2095861
File D:\Python\Lib\site-packages\django\core\checks\compatibility\django_4_0.py first seen with mtime 1680884067.041624
File D:\Python\Lib\site-packages\django\utils\lorem_ipsum.py first seen with mtime 1680884067.3754945
File D:\Python\Lib\site-packages\twisted\logger\_observer.py first seen with mtime 1695560913.9351766
File D:\Python\Lib\site-packages\twisted\internet\task.py first seen with mtime 1695560913.8192465
File D:\Python\Lib\glob.py first seen with mtime 1630344924.0
File D:\Python\Lib\zoneinfo\__init__.py first seen with mtime 1630344926.0
File D:\Python\Lib\contextlib.py first seen with mtime 1630344924.0
File D:\Python\Lib\lzma.py first seen with mtime 1630344924.0
File D:\Python\Lib\site-packages\twisted\internet\threads.py first seen with mtime 1695560913.8222463
File C:\Users\Julea\LoveTouch\dating\__init__.py first seen with mtime 1694850803.565185
File D:\Python\Lib\site-packages\django\db\models\manager.py first seen with mtime 1680884067.1751263
File D:\Python\Lib\site-packages\attr\converters.py first seen with mtime 1695560912.8340073
File D:\Python\Lib\site-packages\urllib3\contrib\_appengine_environ.py first seen with mtime 1631550255.9021983
File D:\Python\Lib\asyncio\locks.py first seen with mtime 1630344924.0
File D:\Python\Lib\site-packages\twisted\plugin.py first seen with mtime 1695560913.511346
File D:\Python\Lib\site-packages\cryptography\hazmat\backends\__init__.py first seen with mtime 1691918609.9574819
File D:\Python\Lib\site-packages\django\urls\exceptions.py first seen with mtime 1680884067.3421092
File D:\Python\Lib\site-packages\psycopg2\__init__.py first seen with mtime 1688494062.0332
File D:\Python\Lib\site-packages\django\contrib\postgres\signals.py first seen with mtime 1680884066.2734332
File D:\Python\Lib\string.py first seen with mtime 1630344926.0
File D:\Python\Lib\site-packages\django\contrib\admin\utils.py first seen with mtime 1680884062.2493687
File D:\Python\Lib\token.py first seen with mtime 1630344926.0
File D:\Python\Lib\site-packages\django\http\request.py first seen with mtime 1680884067.2753184
File D:\Python\Lib\site-packages\twisted\application\__init__.py first seen with mtime 1695560913.5544066
File D:\Python\Lib\site-packages\django\db\migrations\recorder.py first seen with mtime 1680884067.1584885
File D:\Python\Lib\site-packages\hyperlink\__init__.py first seen with mtime 1695560912.5744057
File D:\Python\Lib\site-packages\twisted\internet\address.py first seen with mtime 1695560913.7905335
File D:\Python\Lib\site-packages\urllib3\util\retry.py first seen with mtime 1631550255.9324791
File D:\Python\Lib\site-packages\attr\_config.py first seen with mtime 1695560912.8270063
File D:\Python\Lib\site-packages\django\contrib\sites\checks.py first seen with mtime 1680884066.8243814
File D:\Python\Lib\site-packages\autobahn\websocket\interfaces.py first seen with mtime 1695560923.0662363
File D:\Python\Lib\linecache.py first seen with mtime 1630344924.0
File D:\Python\Lib\site-packages\cryptography\hazmat\primitives\ciphers\modes.py first seen with mtime 1691918610.0948303
File D:\Python\Lib\site-packages\autobahn\rawsocket\__init__.py first seen with mtime 1695560922.818988
File D:\Python\Lib\site-packages\twisted\persisted\styles.py first seen with mtime 1695560914.0973604
File D:\Python\Lib\email\_encoded_words.py first seen with mtime 1630344924.0
File D:\Python\Lib\site-packages\sqlparse\filters\reindent.py first seen with mtime 1680884060.9811766
File D:\Python\Lib\site-packages\hyperlink\_socket.py first seen with mtime 1695560912.5774813
File D:\Python\Lib\asyncio\windows_utils.py first seen with mtime 1630344924.0
File D:\Python\Lib\site-packages\django\urls\converters.py first seen with mtime 1680884067.3421092
File D:\Python\Lib\site-packages\django\core\cache\utils.py first seen with mtime 1680884067.0248845
File D:\Python\Lib\site-packages\django\db\backends\base\introspection.py first seen with mtime 1680884067.108328
File D:\Python\Lib\site-packages\twisted\python\systemd.py first seen with mtime 1695560914.2174518
File D:\Python\Lib\site-packages\urllib3\poolmanager.py first seen with mtime 1631550255.8920887
File D:\Python\Lib\socketserver.py first seen with mtime 1630344926.0
File D:\Python\DLLs\_decimal.pyd first seen with mtime 1630345004.0
File D:\Python\Lib\site-packages\colorama\winterm.py first seen with mtime 1676736934.587005
File D:\Python\Lib\site-packages\django\core\handlers\__init__.py first seen with mtime 1680884067.0582619
File D:\Python\Lib\site-packages\django\core\signals.py first seen with mtime 1680884067.0248845
File D:\Python\Lib\site-packages\twisted\internet\_resolver.py first seen with mtime 1695560913.7833996
File D:\Python\Lib\site-packages\cryptography\hazmat\__init__.py first seen with mtime 1691918609.955484
File D:\Python\Lib\site-packages\autobahn\websocket\protocol.py first seen with mtime 1695560923.0662363
File D:\Python\Lib\site-packages\django\utils\formats.py first seen with mtime 1680884067.3754945
File D:\Python\Lib\site-packages\psycopg2\errors.py first seen with mtime 1688494062.0902715
File C:\Users\Julea\LoveTouch\chat_app\apps.py first seen with mtime 1695585980.092339
File D:\Python\Lib\email\headerregistry.py first seen with mtime 1630344924.0
File D:\Python\Lib\site-packages\twisted\persisted\__init__.py first seen with mtime 1695560914.0912008
File D:\Python\Lib\asyncio\streams.py first seen with mtime 1630344924.0
File D:\Python\Lib\site-packages\django\core\checks\translation.py first seen with mtime 1680884067.041624
File D:\Python\Lib\site-packages\asgiref\current_thread_executor.py first seen with mtime 1680884061.1977966
File D:\Python\Lib\email\mime\message.py first seen with mtime 1630344924.0
File D:\Python\Lib\site-packages\charset_normalizer\assets\__init__.py first seen with mtime 1631550257.9870803
File D:\Python\Lib\site-packages\django\utils\encoding.py first seen with mtime 1680884067.3754945
File D:\Python\Lib\site-packages\django\db\backends\base\base.py first seen with mtime 1680884067.108328
File D:\Python\Lib\site-packages\requests\adapters.py first seen with mtime 1631550258.5629544
File D:\Python\Lib\site-packages\cryptography\x509\base.py first seen with mtime 1691918610.1089582
File D:\Python\Lib\site-packages\charset_normalizer\models.py first seen with mtime 1631550257.9769855
File D:\Python\Lib\site-packages\django\db\backends\base\schema.py first seen with mtime 1680884067.108328
File D:\Python\Lib\site-packages\django\db\migrations\writer.py first seen with mtime 1680884067.1584885
File D:\Python\Lib\site-packages\django\utils\_os.py first seen with mtime 1680884067.3421092
File D:\Python\Lib\site-packages\click\termui.py first seen with mtime 1676736937.0223322
File D:\Python\Lib\site-packages\django\core\checks\registry.py first seen with mtime 1680884067.041624
File D:\Python\Lib\site-packages\django\db\models\sql\query.py first seen with mtime 1680884067.191825
File D:\Python\Lib\importlib\machinery.py first seen with mtime 1630344924.0
File D:\Python\Lib\site-packages\autobahn\wamp\role.py first seen with mtime 1695560922.91047
File D:\Python\Lib\site-packages\twisted\internet\_producer_helpers.py first seen with mtime 1695560913.782336
File D:\Python\Lib\selectors.py first seen with mtime 1630344926.0
File D:\Python\Lib\wsgiref\__init__.py first seen with mtime 1630344926.0
File D:\Python\Lib\site-packages\django\utils\ipv6.py first seen with mtime 1680884067.3754945
File D:\Python\Lib\site-packages\django\db\migrations\exceptions.py first seen with mtime 1680884067.1573844
File D:\Python\Lib\site-packages\django\contrib\auth\base_user.py first seen with mtime 1680884062.9840555
File D:\Python\Lib\site-packages\twisted\logger\_buffer.py first seen with mtime 1695560913.9329362
File D:\Python\Lib\locale.py first seen with mtime 1630344924.0
File D:\Python\Lib\site-packages\cryptography\__about__.py first seen with mtime 1691918609.9503167
File D:\Python\Lib\site-packages\twisted\python\filepath.py first seen with mtime 1695560914.2023854
File D:\Python\Lib\site-packages\django\contrib\admin\filters.py first seen with mtime 1680884062.2326107
File D:\Python\Lib\site-packages\django\core\checks\templates.py first seen with mtime 1680884067.041624
File D:\Python\Lib\site-packages\twisted\cred\_digest.py first seen with mtime 1695560913.7372794
File C:\Users\Julea\LoveTouch\dating\apps.py first seen with mtime 1694850803.5321846
File D:\Python\Lib\site-packages\django\db\models\functions\__init__.py first seen with mtime 1680884067.191825
File D:\Python\Lib\site-packages\django\urls\base.py first seen with mtime 1680884067.341817
File D:\Python\Lib\_collections_abc.py first seen with mtime 1630344924.0
File D:\Python\Lib\site-packages\django\core\serializers\base.py first seen with mtime 1680884067.0916388
File D:\Python\Lib\site-packages\django\template\loaders\cached.py first seen with mtime 1680884067.3254294
File D:\Python\Lib\site-packages\django\templatetags\i18n.py first seen with mtime 1680884067.3254294
File D:\Python\Lib\site-packages\django\template\smartif.py first seen with mtime 1680884067.3086922
File D:\Python\Lib\site-packages\idna\intranges.py first seen with mtime 1631550257.6720843
File D:\Python\Lib\site-packages\charset_normalizer\cd.py first seen with mtime 1631550257.963861
File D:\Python\Lib\asyncio\transports.py first seen with mtime 1630344924.0
File D:\Python\Lib\datetime.py first seen with mtime 1630344924.0
File D:\Python\Lib\operator.py first seen with mtime 1630344926.0
File D:\Python\Lib\site-packages\django\core\files\storage\filesystem.py first seen with mtime 1680884067.0582619
File D:\Python\Lib\site-packages\django\views\defaults.py first seen with mtime 1680884067.3922105
File D:\Python\Lib\site-packages\autobahn\twisted\util.py first seen with mtime 1695560922.8344717
File D:\Python\Lib\site-packages\cryptography\hazmat\primitives\asymmetric\dsa.py first seen with mtime 1691918610.083694
File D:\Python\Lib\site-packages\txaio\tx.py first seen with mtime 1695560912.3560572
File D:\Python\Lib\site-packages\django\contrib\sites\__init__.py first seen with mtime 1680884066.8243814
File D:\Python\Lib\site-packages\zope\interface\adapter.py first seen with mtime 1695560911.6262803
File D:\Python\Lib\site-packages\django\views\decorators\csrf.py first seen with mtime 1680884067.3922105
File D:\Python\Lib\asyncio\__init__.py first seen with mtime 1630344924.0
File D:\Python\Lib\site-packages\twisted\python\components.py first seen with mtime 1695560914.196386
File D:\Python\Lib\site-packages\asgiref\sync.py first seen with mtime 1680884061.1977966
File D:\Python\Lib\site-packages\django\contrib\admin\__init__.py first seen with mtime 1680884062.2326107
File D:\Python\Lib\site-packages\django\db\backends\postgresql\introspection.py first seen with mtime 1680884067.1417522
File D:\Python\Lib\site-packages\urllib3\filepost.py first seen with mtime 1631550255.8920887
File D:\Python\Lib\site-packages\django\contrib\admin\templatetags\__init__.py first seen with mtime 1680884062.7668903
File D:\Python\Lib\site-packages\django\core\files\uploadhandler.py first seen with mtime 1680884067.041624
File D:\Python\Lib\site-packages\django\middleware\__init__.py first seen with mtime 1680884067.290951
File D:\Python\Lib\site-packages\django\db\migrations\graph.py first seen with mtime 1680884067.1584885
File D:\Python\Lib\site-packages\pyasn1\type\tagmap.py first seen with mtime 1676917668.3179097
File D:\Python\Lib\site-packages\charset_normalizer\legacy.py first seen with mtime 1631550257.9724667
File D:\Python\Lib\site-packages\zope\interface\interfaces.py first seen with mtime 1695560911.635072
File D:\Python\Lib\site-packages\django\templatetags\tz.py first seen with mtime 1680884067.3254294
File D:\Python\Lib\site-packages\pyasn1\compat\__init__.py first seen with mtime 1676917668.3022857
File D:\Python\Lib\site-packages\requests\_internal_utils.py first seen with mtime 1631550258.5599546
File D:\Python\Lib\site-packages\twisted\logger\_capture.py first seen with mtime 1695560913.9339378
File D:\Python\Lib\site-packages\service_identity\cryptography.py first seen with mtime 1695560922.5680962
File D:\Python\Lib\site-packages\attrs\validators.py first seen with mtime 1695560912.8870287
File D:\Python\Lib\site-packages\colorama\win32.py first seen with mtime 1676736934.587005
File D:\Python\Lib\site-packages\django_filters\utils.py first seen with mtime 1694246687.3288975
File D:\Python\Lib\site-packages\psycopg2\_range.py first seen with mtime 1688494062.0882733
File D:\Python\Lib\site-packages\txaio\interfaces.py first seen with mtime 1695560912.355054
File D:\Python\Lib\site-packages\cryptography\hazmat\primitives\serialization\base.py first seen with mtime 1691918610.1019495
File D:\Python\Lib\site-packages\autobahn\twisted\wamp.py first seen with mtime 1695560922.835472
File D:\Python\Lib\site-packages\django\template\defaultfilters.py first seen with mtime 1680884067.3086922
File D:\Python\Lib\site-packages\django\core\files\base.py first seen with mtime 1680884067.041624
File D:\Python\Lib\abc.py first seen with mtime 1630344924.0
File D:\Python\Lib\inspect.py first seen with mtime 1630344924.0
File D:\Python\Lib\site-packages\django\contrib\auth\checks.py first seen with mtime 1680884062.9840555
File D:\Python\Lib\site-packages\django\core\files\storage\__init__.py first seen with mtime 1680884067.0572517
File D:\Python\Lib\asyncio\threads.py first seen with mtime 1630344924.0
File D:\Python\Lib\site-packages\django\utils\inspect.py first seen with mtime 1680884067.3754945
File D:\Python\Lib\site-packages\txaio\_iotype.py first seen with mtime 1695560912.3256214
File D:\Python\Lib\hashlib.py first seen with mtime 1630344924.0
File D:\Python\Lib\site-packages\ckeditor_uploader\__init__.py first seen with mtime 1694284348.0444133
File D:\Python\Lib\site-packages\django\db\backends\postgresql\base.py first seen with mtime 1680884067.1414194
File D:\Python\Lib\site-packages\django\db\models\fields\related.py first seen with mtime 1680884067.191825
File D:\Python\Lib\site-packages\django\core\management\color.py first seen with mtime 1680884067.0749247
File D:\Python\Lib\site-packages\zope\interface\__init__.py first seen with mtime 1695560911.5972884
File D:\Python\Lib\site-packages\sqlparse\utils.py first seen with mtime 1680884060.9468927
File C:\Users\Julea\LoveTouch\LoveTouch\settings.py first seen with mtime 1702415501.6276252
File D:\Python\Lib\site-packages\twisted\internet\_idna.py first seen with mtime 1695560913.7773354
File D:\Python\Lib\site-packages\social_django\__init__.py first seen with mtime 1690993943.2007904
File D:\Python\Lib\threading.py first seen with mtime 1630344926.0
File D:\Python\Lib\site-packages\cryptography\hazmat\primitives\_cipheralgorithm.py first seen with mtime 1691918610.074551
File D:\Python\Lib\site-packages\django\db\models\fields\proxy.py first seen with mtime 1680884067.190759
File D:\Python\Lib\site-packages\txaio\__init__.py first seen with mtime 1695560912.319629
File D:\Python\Lib\decimal.py first seen with mtime 1630344924.0
File D:\Python\Lib\site-packages\django\conf\global_settings.py first seen with mtime 1680884061.4981337
File D:\Python\Lib\site-packages\urllib3\packages\ssl_match_hostname\__init__.py first seen with mtime 1631550255.922405
File D:\Python\Lib\site-packages\twisted\cred\error.py first seen with mtime 1695560913.7402778
File D:\Python\Lib\site-packages\django\template\defaulttags.py first seen with mtime 1680884067.3086922
File D:\Python\Lib\site-packages\service_identity\hazmat.py first seen with mtime 1695560922.5700939
File D:\Python\Lib\site-packages\cryptography\hazmat\primitives\kdf\pbkdf2.py first seen with mtime 1691918610.0988314
File D:\Python\Lib\site-packages\django\conf\__init__.py first seen with mtime 1680884061.4981337
File D:\Python\Lib\site-packages\django\core\mail\message.py first seen with mtime 1680884067.0582619
File D:\Python\Lib\site-packages\django\db\models\fields\__init__.py first seen with mtime 1680884067.1751263
File D:\Python\Lib\site-packages\django\utils\log.py first seen with mtime 1680884067.3754945
File D:\Python\Lib\site-packages\django\utils\asyncio.py first seen with mtime 1680884067.3421092
File D:\Python\Lib\site-packages\urllib3\_version.py first seen with mtime 1631550255.8824992
File D:\Python\Lib\site-packages\rosetta\apps.py first seen with mtime 1682524724.664614
File D:\Python\Lib\site-packages\django\utils\deconstruct.py first seen with mtime 1680884067.3587515
File D:\Python\Lib\copy.py first seen with mtime 1630344924.0
File D:\Python\Lib\ctypes\wintypes.py first seen with mtime 1630344924.0
File D:\Python\Lib\site-packages\django\utils\dateformat.py first seen with mtime 1680884067.3587515
File D:\Python\Lib\site-packages\twisted\internet\_win32stdio.py first seen with mtime 1695560913.7885287
File D:\Python\Lib\site-packages\sqlparse\engine\statement_splitter.py first seen with mtime 1680884060.9811766
File D:\Python\Lib\sysconfig.py first seen with mtime 1630344926.0
File D:\Python\Lib\site-packages\twisted\_threads\_convenience.py first seen with mtime 1695560913.5397286
File D:\Python\Lib\site-packages\django\contrib\sites\shortcuts.py first seen with mtime 1680884066.8243814
File D:\Python\Lib\site-packages\pyasn1\compat\integer.py first seen with mtime 1676917668.3022857
File D:\Python\Lib\email\base64mime.py first seen with mtime 1630344924.0
File D:\Python\Lib\site-packages\django\core\servers\basehttp.py first seen with mtime 1680884067.0916388
File D:\Python\Lib\site-packages\attrs\filters.py first seen with mtime 1695560912.8768167
File D:\Python\Lib\site-packages\django\db\models\sql\__init__.py first seen with mtime 1680884067.191825
File D:\Python\Lib\site-packages\twisted\__init__.py first seen with mtime 1695560913.50835
File D:\Python\Lib\subprocess.py first seen with mtime 1630344926.0
File D:\Python\Lib\site-packages\OpenSSL\_util.py first seen with mtime 1691918610.6833408
File D:\Python\Lib\site-packages\django\core\exceptions.py first seen with mtime 1680884067.0248845
File D:\Python\Lib\site-packages\charset_normalizer\utils.py first seen with mtime 1631550257.9820614
File D:\Python\Lib\site-packages\django\contrib\contenttypes\management\__init__.py first seen with mtime 1680884063.6016934
File D:\Python\DLLs\select.pyd first seen with mtime 1630345002.0
File D:\Python\Lib\site-packages\zope\interface\ro.py first seen with mtime 1695560911.6380744
File D:\Python\Lib\site-packages\django\template\backends\django.py first seen with mtime 1680884067.3086922
File D:\Python\Lib\site-packages\django\utils\duration.py first seen with mtime 1680884067.3743844
File D:\Python\Lib\site-packages\django\utils\timezone.py first seen with mtime 1680884067.391127
File D:\Python\Lib\site-packages\autobahn\wamp\types.py first seen with mtime 1695560922.9134731
File D:\Python\Lib\site-packages\django\contrib\sites\apps.py first seen with mtime 1680884066.8243814
File D:\Python\Lib\site-packages\twisted\_threads\_threadworker.py first seen with mtime 1695560913.5520277
File D:\Python\Lib\reprlib.py first seen with mtime 1630344926.0
File D:\Python\Lib\site-packages\django\core\cache\backends\__init__.py first seen with mtime 1680884067.0248845
File D:\Python\Lib\site-packages\django\contrib\sitemaps\__init__.py first seen with mtime 1680884066.807693
File D:\Python\Lib\site-packages\twisted\_threads\_memory.py first seen with mtime 1695560913.5427396
File D:\Python\Lib\site-packages\django\contrib\admin\apps.py first seen with mtime 1680884062.2326107
File D:\Python\Lib\wsgiref\simple_server.py first seen with mtime 1630344926.0
File C:\Users\Julea\LoveTouch\news\__init__.py first seen with mtime 1688217096.7615285
File D:\Python\Lib\asyncio\proactor_events.py first seen with mtime 1630344924.0
File D:\Python\Lib\site-packages\django_filters\filters.py first seen with mtime 1694246687.326897
File D:\Python\Lib\site-packages\attrs\__init__.py first seen with mtime 1695560912.8738165
File D:\Python\Lib\site-packages\incremental\__init__.py first seen with mtime 1695560911.2847617
File D:\Python\Lib\site-packages\certifi\__init__.py first seen with mtime 1631550258.1522021
File D:\Python\Lib\importlib\_common.py first seen with mtime 1630344924.0
File D:\Python\Lib\site-packages\attr\_funcs.py first seen with mtime 1695560912.828009
File D:\Python\Lib\asyncio\exceptions.py first seen with mtime 1630344924.0
File D:\Python\Lib\site-packages\constantly\_constants.py first seen with mtime 1695560911.4721606
File D:\Python\Lib\site-packages\django\templatetags\__init__.py first seen with mtime 1680884067.3254294
File D:\Python\Lib\contextvars.py first seen with mtime 1630344924.0
File D:\Python\Lib\site-packages\urllib3\util\__init__.py first seen with mtime 1631550255.9274216
File D:\Python\Lib\site-packages\django\core\files\storage\memory.py first seen with mtime 1680884067.0582619
File D:\Python\Lib\site-packages\twisted\logger\_format.py first seen with mtime 1695560913.9351766
File D:\Python\Lib\site-packages\django\db\models\functions\mixins.py first seen with mtime 1680884067.191825
File D:\Python\Lib\site-packages\django\contrib\admin\exceptions.py first seen with mtime 1680884062.2326107
File D:\Python\Lib\site-packages\django\core\servers\__init__.py first seen with mtime 1680884067.0916388
File D:\Python\Lib\ntpath.py first seen with mtime 1630344926.0
File D:\Python\Lib\opcode.py first seen with mtime 1630344926.0
File D:\Python\Lib\email\mime\__init__.py first seen with mtime 1630344924.0
File D:\Python\Lib\site-packages\twisted\logger\_stdlib.py first seen with mtime 1695560913.9351766
File D:\Python\Lib\json\scanner.py first seen with mtime 1630344924.0
File D:\Python\Lib\importlib\resources.py first seen with mtime 1630344924.0
File D:\Python\Lib\site-packages\sqlparse\tokens.py first seen with mtime 1680884060.9468927
File D:\Python\Lib\site-packages\twisted\protocols\basic.py first seen with mtime 1695560914.1577425
File D:\Python\Lib\site-packages\cryptography\hazmat\primitives\_serialization.py first seen with mtime 1691918610.0755515
File D:\Python\Lib\site-packages\django\contrib\sitemaps\views.py first seen with mtime 1680884066.807693
File D:\Python\Lib\site-packages\service_identity\exceptions.py first seen with mtime 1695560922.5690954
File C:\Users\Julea\LoveTouch\pages\__init__.py first seen with mtime 1684951957.0341258
File D:\Python\Lib\calendar.py first seen with mtime 1630344924.0
File D:\Python\Lib\random.py first seen with mtime 1630344926.0
File D:\Python\Lib\site-packages\django\forms\widgets.py first seen with mtime 1680884067.20854
File D:\Python\Lib\site-packages\cryptography\x509\general_name.py first seen with mtime 1691918610.1109579
File D:\Python\Lib\site-packages\urllib3\response.py first seen with mtime 1631550255.8971105
File D:\Python\Lib\pprint.py first seen with mtime 1630344926.0
File D:\Python\Lib\site-packages\twisted\python\compat.py first seen with mtime 1695560914.195386
File D:\Python\Lib\site-packages\cryptography\hazmat\primitives\hashes.py first seen with mtime 1691918610.0785518
File D:\Python\Lib\site-packages\django\contrib\auth\__init__.py first seen with mtime 1680884062.9673388
File D:\Python\Lib\site-packages\autobahn\__init__.py first seen with mtime 1695560922.7952392
File D:\Python\Lib\site-packages\django\forms\forms.py first seen with mtime 1680884067.20854
File D:\Python\Lib\site-packages\social_django\apps.py first seen with mtime 1690993943.2007904
File D:\Python\Lib\_bootlocale.py first seen with mtime 1630344924.0
File D:\Python\Lib\site-packages\twisted\logger\_global.py first seen with mtime 1695560913.9351766
File D:\Python\Lib\site-packages\idna\core.py first seen with mtime 1631550257.6720843
File D:\Python\Lib\site-packages\urllib3\exceptions.py first seen with mtime 1631550255.8870094
File D:\Python\Lib\_markupbase.py first seen with mtime 1630344924.0
File D:\Python\Lib\site-packages\django\contrib\admin\options.py first seen with mtime 1680884062.2326107
File D:\Python\Lib\site-packages\django_filters\__init__.py first seen with mtime 1694246687.2948978
File D:\Python\Lib\site-packages\requests\packages.py first seen with mtime 1631550258.5859537
File D:\Python\Lib\site-packages\cryptography\hazmat\bindings\_rust.pyd first seen with mtime 1691918610.015517
File D:\Python\Lib\site-packages\django\utils\__init__.py first seen with mtime 1680884067.3421092
File D:\Python\Lib\site-packages\django\utils\regex_helper.py first seen with mtime 1680884067.3754945
File D:\Python\Lib\email\utils.py first seen with mtime 1630344924.0
File D:\Python\Lib\site-packages\zope\interface\exceptions.py first seen with mtime 1695560911.631707
File D:\Python\Lib\site-packages\django\db\backends\__init__.py first seen with mtime 1680884067.108328
File D:\Python\Lib\site-packages\django\template\engine.py first seen with mtime 1680884067.3086922
File D:\Python\Lib\site-packages\django\contrib\admin\helpers.py first seen with mtime 1680884062.2326107
File D:\Python\DLLs\_ssl.pyd first seen with mtime 1630345004.0
File D:\Python\Lib\site-packages\django\conf\urls\i18n.py first seen with mtime 1680884062.2326107
File D:\Python\Lib\site-packages\django\db\migrations\state.py first seen with mtime 1680884067.1584885
File D:\Python\Lib\asyncio\constants.py first seen with mtime 1630344924.0
File D:\Python\Lib\ctypes\__init__.py first seen with mtime 1630344924.0
File D:\Python\Lib\site-packages\django\forms\renderers.py first seen with mtime 1680884067.20854
File D:\Python\Lib\site-packages\sqlparse\__init__.py first seen with mtime 1680884060.9135888
File D:\Python\Lib\site-packages\social\__init__.py first seen with mtime 1683462987.5016546
File D:\Python\Lib\site-packages\urllib3\util\ssltransport.py first seen with mtime 1631550255.9324791
File D:\Python\Lib\site-packages\asgiref\__init__.py first seen with mtime 1680884061.1814344
File D:\Python\Lib\site-packages\django\db\migrations\operations\models.py first seen with mtime 1680884067.1584885
File D:\Python\Lib\urllib\parse.py first seen with mtime 1630344926.0
File D:\Python\Lib\site-packages\urllib3\util\url.py first seen with mtime 1631550255.936997
File D:\Python\Lib\ssl.py first seen with mtime 1630344926.0
File D:\Python\Lib\site-packages\django\contrib\messages\utils.py first seen with mtime 1680884066.256763
File D:\Python\Lib\site-packages\OpenSSL\version.py first seen with mtime 1691918610.6873407
File D:\Python\Lib\site-packages\click\core.py first seen with mtime 1676736936.981817
File D:\Python\Lib\_weakrefset.py first seen with mtime 1630344924.0
File D:\Python\Lib\site-packages\twisted\_threads\_ithreads.py first seen with mtime 1695560913.5397286
File D:\Python\Lib\site-packages\django\core\files\storage\mixins.py first seen with mtime 1680884067.0582619
File D:\Python\DLLs\_asyncio.pyd first seen with mtime 1630345002.0
File D:\Python\Lib\site-packages\cryptography\hazmat\primitives\asymmetric\padding.py first seen with mtime 1691918610.0866933
File D:\Python\Lib\site-packages\twisted\python\threadpool.py first seen with mtime 1695560914.2204576
File D:\Python\Lib\site-packages\idna\package_data.py first seen with mtime 1631550257.6770966
File D:\Python\Lib\site-packages\twisted\internet\protocol.py first seen with mtime 1695560913.813044
File D:\Python\Lib\site-packages\twisted\logger\_json.py first seen with mtime 1695560913.9351766
File D:\Python\Lib\site-packages\sqlparse\engine\grouping.py first seen with mtime 1680884060.964287
File D:\Python\Lib\site-packages\pyasn1\type\char.py first seen with mtime 1676917668.3179097
File D:\Python\Lib\site-packages\social_core\exceptions.py first seen with mtime 1681211536.2232716
File D:\Python\Lib\site-packages\django\utils\decorators.py first seen with mtime 1680884067.3587515
File D:\Python\Lib\site-packages\autobahn\rawsocket\util.py first seen with mtime 1695560922.818988
File D:\Python\Lib\types.py first seen with mtime 1630344926.0
File D:\Python\Lib\site-packages\autobahn\twisted\rawsocket.py first seen with mtime 1695560922.818988
File D:\Python\Lib\asyncio\futures.py first seen with mtime 1630344924.0
File D:\Python\Lib\site-packages\twisted\python\deprecate.py first seen with mtime 1695560914.1993947
File D:\Python\Lib\site-packages\django\contrib\sitemaps\apps.py first seen with mtime 1680884066.807693
File D:\Python\Lib\http\__init__.py first seen with mtime 1630344924.0
File D:\Python\Lib\site-packages\django\core\files\move.py first seen with mtime 1680884067.041624
File D:\Python\Lib\site-packages\django\core\signing.py first seen with mtime 1680884067.0248845
File D:\Python\Lib\site-packages\django\db\models\fields\mixins.py first seen with mtime 1680884067.1751263
File D:\Python\Lib\site-packages\twisted\internet\main.py first seen with mtime 1695560913.8077147
File D:\Python\Lib\uu.py first seen with mtime 1630344926.0
File D:\Python\Lib\site-packages\cryptography\hazmat\primitives\asymmetric\dh.py first seen with mtime 1691918610.082685
File D:\Python\Lib\site-packages\django\core\checks\security\__init__.py first seen with mtime 1680884067.041624
File C:\Users\Julea\LoveTouch\news\apps.py first seen with mtime 1688217096.745905
File D:\Python\Lib\site-packages\charset_normalizer\__init__.py first seen with mtime 1631550257.963861
File D:\Python\Lib\site-packages\charset_normalizer\api.py first seen with mtime 1631550257.963861
File D:\Python\Lib\site-packages\twisted\python\reflect.py first seen with mtime 1695560914.2115932
File D:\Python\Lib\asyncio\base_subprocess.py first seen with mtime 1630344924.0
File D:\Python\Lib\site-packages\autobahn\websocket\util.py first seen with mtime 1695560923.0662363
File D:\Python\Lib\site-packages\twisted\logger\_file.py first seen with mtime 1695560913.9339378
File D:\Python\Lib\site-packages\daphne\server.py first seen with mtime 1695560925.5949035
File D:\Python\Lib\site-packages\autobahn\wamp\uri.py first seen with mtime 1695560922.9144726
File D:\Python\Lib\site-packages\django\contrib\contenttypes\checks.py first seen with mtime 1680884063.3178923
File D:\Python\Lib\site-packages\django\utils\module_loading.py first seen with mtime 1680884067.3754945
File D:\Python\Lib\site-packages\constantly\_version.py first seen with mtime 1695560911.4721606
File D:\Python\Lib\site-packages\django\db\models\query_utils.py first seen with mtime 1680884067.1751263
File D:\Python\Lib\encodings\latin_1.py first seen with mtime 1630344924.0
File D:\Python\Lib\site-packages\cryptography\hazmat\primitives\asymmetric\rsa.py first seen with mtime 1691918610.0876863
File D:\Python\Lib\site-packages\django\template\backends\__init__.py first seen with mtime 1680884067.3086922
File D:\Python\Lib\site-packages\django\db\models\sql\subqueries.py first seen with mtime 1680884067.191825
File D:\Python\Lib\site-packages\sqlparse\lexer.py first seen with mtime 1680884060.9468927
File D:\Python\Lib\site-packages\django\apps\registry.py first seen with mtime 1680884061.4981337
File D:\Python\DLLs\_uuid.pyd first seen with mtime 1630345002.0
File D:\Python\Lib\site-packages\django\db\models\functions\comparison.py first seen with mtime 1680884067.191825
File D:\Python\Lib\site-packages\sqlparse\filters\others.py first seen with mtime 1680884060.9811766
File D:\Python\Lib\gzip.py first seen with mtime 1630344924.0
File D:\Python\Lib\site-packages\pyasn1\codec\ber\decoder.py first seen with mtime 1676917668.2866602
File D:\Python\Lib\site-packages\django\utils\dateparse.py first seen with mtime 1680884067.3587515
File D:\Python\Lib\site-packages\twisted\persisted\sob.py first seen with mtime 1695560914.0973604
File D:\Python\Lib\site-packages\zope\interface\_zope_interface_coptimizations.cp39-win_amd64.pyd first seen with mtime 1695560911.608284
File C:\Users\Julea\LoveTouch\pages\apps.py first seen with mtime 1684951957.0185058
File D:\Python\Lib\site-packages\attr\_cmp.py first seen with mtime 1695560912.8239973
File D:\Python\Lib\_compression.py first seen with mtime 1630344924.0
File D:\Python\Lib\tokenize.py first seen with mtime 1630344926.0
File D:\Python\Lib\site-packages\twisted\python\__init__.py first seen with mtime 1695560914.1882393
File D:\Python\Lib\site-packages\django\contrib\auth\apps.py first seen with mtime 1680884062.983742
File D:\Python\Lib\site-packages\django\db\models\options.py first seen with mtime 1680884067.1751263
File D:\Python\Lib\urllib\response.py first seen with mtime 1630344926.0
File D:\Python\Lib\site-packages\django\db\utils.py first seen with mtime 1680884067.108328
File D:\Python\Lib\site-packages\django\core\mail\__init__.py first seen with mtime 1680884067.0582619
File D:\Python\Lib\site-packages\django\core\handlers\exception.py first seen with mtime 1680884067.0582619
File D:\Python\Lib\site-packages\autobahn\twisted\choosereactor.py first seen with mtime 1695560922.818988
File D:\Python\Lib\site-packages\django\core\checks\urls.py first seen with mtime 1680884067.041624
File D:\Python\Lib\wsgiref\headers.py first seen with mtime 1630344926.0
File D:\Python\DLLs\_overlapped.pyd first seen with mtime 1630345002.0
File D:\Python\Lib\site-packages\django\core\files\storage\base.py first seen with mtime 1680884067.0582619
File D:\Python\Lib\http\cookiejar.py first seen with mtime 1630344924.0
File D:\Python\Lib\base64.py first seen with mtime 1630344924.0
File D:\Python\Lib\site-packages\django\core\checks\caches.py first seen with mtime 1680884067.0248845
File D:\Python\Lib\site-packages\django\utils\dates.py first seen with mtime 1680884067.3587515
File D:\Python\Lib\site-packages\requests\utils.py first seen with mtime 1631550258.5909517
File D:\Python\Lib\site-packages\win32\_win32sysloader.pyd first seen with mtime 1677191592.9342754
File D:\Python\Lib\site-packages\django\core\wsgi.py first seen with mtime 1680884067.0248845
File D:\Python\Lib\site-packages\django\db\models\constants.py first seen with mtime 1680884067.1751263
File D:\Python\Lib\site-packages\django\db\models\fields\files.py first seen with mtime 1680884067.1751263
File D:\Python\Lib\site-packages\pyasn1\type\univ.py first seen with mtime 1676917668.3179097
File D:\Python\Lib\email\parser.py first seen with mtime 1630344924.0
File D:\Python\Lib\email\iterators.py first seen with mtime 1630344924.0
File D:\Python\Lib\site-packages\twisted\logger\_flatten.py first seen with mtime 1695560913.9351766
File D:\Python\Lib\site-packages\django\core\serializers\json.py first seen with mtime 1680884067.0916388
File D:\Python\Lib\asyncio\coroutines.py first seen with mtime 1630344924.0
File D:\Python\Lib\email\mime\multipart.py first seen with mtime 1630344924.0
File D:\Python\Lib\site-packages\twisted\web\http_headers.py first seen with mtime 1695560914.9120722
File D:\Python\Lib\site-packages\django\forms\formsets.py first seen with mtime 1680884067.20854
File D:\Python\Lib\site-packages\django\contrib\admin\sites.py first seen with mtime 1680884062.24912
File D:\Python\Lib\site-packages\twisted\python\lockfile.py first seen with mtime 1695560914.2045894
File D:\Python\Lib\site-packages\twisted\python\runtime.py first seen with mtime 1695560914.2144506
File D:\Python\Lib\site-packages\idna\idnadata.py first seen with mtime 1631550257.6720843
File D:\Python\Lib\site-packages\autobahn\wamp\request.py first seen with mtime 1695560922.890471
File D:\Python\Lib\email\__init__.py first seen with mtime 1630344924.0
File D:\Python\Lib\site-packages\django\middleware\csrf.py first seen with mtime 1680884067.2919986
File D:\Python\Lib\site-packages\cryptography\hazmat\primitives\asymmetric\x25519.py first seen with mtime 1691918610.089693
File D:\Python\Lib\site-packages\hyperlink\_url.py first seen with mtime 1695560912.5814793
File D:\Python\Lib\logging\config.py first seen with mtime 1630344924.0
File D:\Python\Lib\site-packages\requests\compat.py first seen with mtime 1631550258.5729551
File D:\Python\Lib\site-packages\sqlparse\exceptions.py first seen with mtime 1680884060.9135888
File D:\Python\Lib\sre_compile.py first seen with mtime 1630344926.0
File D:\Python\Lib\site-packages\psycopg2\_ipaddress.py first seen with mtime 1688494062.0332
File D:\Python\Lib\site-packages\django\dispatch\dispatcher.py first seen with mtime 1680884067.20854
File D:\Python\Lib\site-packages\django\core\files\images.py first seen with mtime 1680884067.041624
File D:\Python\Lib\asyncio\trsock.py first seen with mtime 1630344924.0
File D:\Python\Lib\email\feedparser.py first seen with mtime 1630344924.0
File D:\Python\Lib\site-packages\psycopg2\extras.py first seen with mtime 1688494062.0922647
File D:\Python\Lib\site-packages\urllib3\contrib\__init__.py first seen with mtime 1631550255.9021983
File D:\Python\Lib\bz2.py first seen with mtime 1630344924.0
File D:\Python\Lib\site-packages\django\template\context.py first seen with mtime 1680884067.3086922
File D:\Python\Lib\email\_header_value_parser.py first seen with mtime 1630344924.0
File D:\Python\Lib\site-packages\urllib3\connection.py first seen with mtime 1631550255.8824992
File D:\Python\Lib\site-packages\twisted\internet\fdesc.py first seen with mtime 1695560913.799716
File D:\Python\Lib\site-packages\twisted\internet\tcp.py first seen with mtime 1695560913.8202467
File D:\Python\Lib\site-packages\sqlparse\filters\aligned_indent.py first seen with mtime 1680884060.9811766
File D:\Python\Lib\site-packages\django\conf\urls\__init__.py first seen with mtime 1680884062.2326107
File D:\Python\Lib\site-packages\twisted\logger\_logger.py first seen with mtime 1695560913.9351766
File D:\Python\Lib\site-packages\django\contrib\messages\__init__.py first seen with mtime 1680884066.256763
File D:\Python\Lib\site-packages\cryptography\hazmat\primitives\ciphers\__init__.py first seen with mtime 1691918610.0918217
File D:\Python\Lib\site-packages\django\contrib\messages\api.py first seen with mtime 1680884066.256763
File D:\Python\Lib\site-packages\psycopg2\sql.py first seen with mtime 1688494062.0932653
File D:\Python\Lib\site-packages\twisted\internet\udp.py first seen with mtime 1695560913.8233366
File D:\Python\Lib\asyncio\protocols.py first seen with mtime 1630344924.0
File D:\Python\Lib\platform.py first seen with mtime 1630344926.0
File D:\Python\Lib\site-packages\cryptography\hazmat\primitives\asymmetric\ed448.py first seen with mtime 1691918610.085693
File D:\Python\Lib\site-packages\pyasn1\codec\ber\eoo.py first seen with mtime 1676917668.3022857
File D:\Python\Lib\sre_parse.py first seen with mtime 1630344926.0
File D:\Python\Lib\site-packages\django\core\files\storage\handler.py first seen with mtime 1680884067.0582619
File D:\Python\Lib\site-packages\django\db\models\base.py first seen with mtime 1680884067.1741211
File D:\Python\Lib\site-packages\urllib3\request.py first seen with mtime 1631550255.8971105
File D:\Python\Lib\fnmatch.py first seen with mtime 1630344924.0
File D:\Python\Lib\struct.py first seen with mtime 1630344926.0
File D:\Python\Lib\site-packages\django\db\models\fields\reverse_related.py first seen with mtime 1680884067.191825
File D:\Python\Lib\site-packages\django\core\cache\backends\base.py first seen with mtime 1680884067.0248845
File D:\Python\Lib\keyword.py first seen with mtime 1630344924.0
File D:\Python\Lib\codecs.py first seen with mtime 1630344924.0
File D:\Python\Lib\csv.py first seen with mtime 1630344924.0
File D:\Python\Lib\site-packages\django\core\paginator.py first seen with mtime 1680884067.0248845
File D:\Python\Lib\site-packages\django\views\debug.py first seen with mtime 1680884067.3922105
File D:\Python\Lib\site-packages\django\core\checks\security\sessions.py first seen with mtime 1680884067.041624
File D:\Python\Lib\genericpath.py first seen with mtime 1630344924.0
File D:\Python\Lib\site-packages\django\utils\numberformat.py first seen with mtime 1680884067.3754945
File D:\Python\DLLs\_socket.pyd first seen with mtime 1630345004.0
File D:\Python\Lib\site-packages\django\contrib\postgres\indexes.py first seen with mtime 1680884066.2734332
File D:\Python\Lib\typing.py first seen with mtime 1630344926.0
File D:\Python\Lib\email\mime\base.py first seen with mtime 1630344924.0
File D:\Python\Lib\difflib.py first seen with mtime 1630344924.0
File D:\Python\Lib\site-packages\attr\setters.py first seen with mtime 1695560912.8615932
File D:\Python\Lib\bisect.py first seen with mtime 1630344924.0
File D:\Python\Lib\site-packages\pyasn1\type\namedval.py first seen with mtime 1676917668.3179097
File D:\Python\Lib\weakref.py first seen with mtime 1630344926.0
File D:\Python\Lib\site-packages\django\core\checks\model_checks.py first seen with mtime 1680884067.041624
File D:\Python\Lib\site-packages\pyasn1\type\error.py first seen with mtime 1676917668.3179097
File D:\Python\Lib\site-packages\click\_winconsole.py first seen with mtime 1676736936.9772503
File D:\Python\Lib\site-packages\twisted\application\service.py first seen with mtime 1695560913.570037
File D:\Python\Lib\site-packages\django\http\__init__.py first seen with mtime 1680884067.2753184
File D:\Python\Lib\site-packages\django\db\backends\ddl_references.py first seen with mtime 1680884067.108328
File D:\Python\Lib\site-packages\django\template\autoreload.py first seen with mtime 1680884067.3076315
File D:\Python\Lib\site-packages\win32\win32process.pyd first seen with mtime 1677191592.9542787
File D:\Python\Lib\email\_parseaddr.py first seen with mtime 1630344924.0
File D:\Python\Lib\site-packages\django\http\cookie.py first seen with mtime 1680884067.2753184
File D:\Python\Lib\site-packages\daphne\utils.py first seen with mtime 1695560925.5969045
File D:\Python\Lib\site-packages\channels\__init__.py first seen with mtime 1695118912.118871
File D:\Python\Lib\asyncio\runners.py first seen with mtime 1630344924.0
File D:\Python\Lib\site-packages\django\views\generic\detail.py first seen with mtime 1680884067.4088783
File D:\Python\Lib\email\_policybase.py first seen with mtime 1630344924.0
File D:\Python\Lib\site-packages\daphne\http_protocol.py first seen with mtime 1695560925.5939047
File D:\Python\Lib\site-packages\autobahn\websocket\types.py first seen with mtime 1695560923.0662363
File D:\Python\Lib\site-packages\OpenSSL\SSL.py first seen with mtime 1691918610.682335
File D:\Python\Lib\site-packages\win32\lib\pywin32_bootstrap.py first seen with mtime 1677191593.029633
File D:\Python\Lib\site-packages\django\db\__init__.py first seen with mtime 1680884067.0916388
File D:\Python\Lib\asyncio\selector_events.py first seen with mtime 1630344924.0
File D:\Python\Lib\asyncio\queues.py first seen with mtime 1630344924.0
File D:\Python\Lib\site-packages\django\contrib\staticfiles\finders.py first seen with mtime 1680884067.0081496
File D:\Python\Lib\site-packages\django\core\cache\__init__.py first seen with mtime 1680884067.0248845
File D:\Python\Lib\site-packages\daphne\checks.py first seen with mtime 1695560925.587905
File D:\Python\Lib\site.py first seen with mtime 1630344926.0
File D:\Python\Lib\site-packages\requests\status_codes.py first seen with mtime 1631550258.588951
File D:\Python\Lib\site-packages\django\template\loader_tags.py first seen with mtime 1680884067.3086922
File D:\Python\Lib\zipfile.py first seen with mtime 1630344926.0
File D:\Python\Lib\site-packages\requests\__init__.py first seen with mtime 1631550258.5569553
File D:\Python\Lib\site-packages\requests\api.py first seen with mtime 1631550258.564954
File D:\Python\Lib\site-packages\django\contrib\auth\password_validation.py first seen with mtime 1680884062.9840555
File D:\Python\Lib\site-packages\social_core\backends\base.py first seen with mtime 1681211536.251725
File D:\Python\Lib\site-packages\pyasn1\codec\der\decoder.py first seen with mtime 1676917668.3022857
File D:\Python\Lib\site-packages\sqlparse\keywords.py first seen with mtime 1680884060.9468927
File D:\Python\Lib\site-packages\django\db\models\signals.py first seen with mtime 1680884067.1751263
File D:\Python\Lib\site-packages\django\db\backends\base\creation.py first seen with mtime 1680884067.108328
File D:\Python\Lib\site-packages\django\db\transaction.py first seen with mtime 1680884067.1072714
File D:\Python\Lib\site-packages\django\views\decorators\cache.py first seen with mtime 1680884067.3922105
File D:\Python\Lib\email\generator.py first seen with mtime 1630344924.0
File D:\Python\Lib\site-packages\django\utils\translation\trans_real.py first seen with mtime 1680884067.3922105
File D:\Python\Lib\site-packages\django\contrib\messages\apps.py first seen with mtime 1680884066.256763
File D:\Python\Lib\html\parser.py first seen with mtime 1630344924.0
File D:\Python\Lib\site-packages\django\contrib\staticfiles\utils.py first seen with mtime 1680884067.0081496
File D:\Python\Lib\copyreg.py first seen with mtime 1630344924.0
File D:\Python\Lib\site-packages\cryptography\hazmat\bindings\__init__.py first seen with mtime 1691918609.9666295
File D:\Python\Lib\collections\abc.py first seen with mtime 1630344924.0
File D:\Python\Lib\site-packages\twisted\internet\base.py first seen with mtime 1695560913.7925308
File D:\Python\Lib\site-packages\twisted\logger\_interfaces.py first seen with mtime 1695560913.9351766
File D:\Python\Lib\site-packages\twisted\logger\_io.py first seen with mtime 1695560913.9351766
File D:\Python\DLLs\_zoneinfo.pyd first seen with mtime 1630345002.0
File D:\Python\Lib\site-packages\django\core\checks\messages.py first seen with mtime 1680884067.0412767
File D:\Python\Lib\site-packages\click\parser.py first seen with mtime 1676736936.9970064
File D:\Python\Lib\site-packages\django\contrib\admin\views\autocomplete.py first seen with mtime 1680884062.7668903
File D:\Python\Lib\site-packages\pyasn1\type\__init__.py first seen with mtime 1676917668.3022857
File D:\Python\Lib\site-packages\django\contrib\admin\actions.py first seen with mtime 1680884062.2326107
File D:\Python\Lib\site-packages\txaio\_version.py first seen with mtime 1695560912.3520694
File D:\Python\Lib\site-packages\django\contrib\staticfiles\checks.py first seen with mtime 1680884067.0081496
File D:\Python\Lib\site-packages\django\forms\fields.py first seen with mtime 1680884067.20854
File D:\Python\Lib\urllib\request.py first seen with mtime 1630344926.0
File D:\Python\Lib\site-packages\django\core\checks\security\base.py first seen with mtime 1680884067.041624
File D:\Python\Lib\site-packages\django\db\models\fields\related_lookups.py first seen with mtime 1680884067.191825
File D:\Python\Lib\site-packages\django\core\checks\compatibility\__init__.py first seen with mtime 1680884067.041624
File D:\Python\Lib\site-packages\pyasn1\codec\cer\decoder.py first seen with mtime 1676917668.3022857
File D:\Python\Lib\site-packages\twisted\web\_responses.py first seen with mtime 1695560914.856416
File D:\Python\Lib\site-packages\django\contrib\auth\signals.py first seen with mtime 1680884062.9840555
File D:\Python\Lib\site-packages\django\template\loader.py first seen with mtime 1680884067.3086922
File D:\Python\Lib\email\message.py first seen with mtime 1630344924.0
File D:\Python\Lib\site-packages\twisted\python\win32.py first seen with mtime 1695560914.227453
File D:\Python\Lib\site-packages\urllib3\packages\__init__.py first seen with mtime 1631550255.917349
File D:\Python\Lib\site-packages\autobahn\wamp\websocket.py first seen with mtime 1695560922.9159696
File D:\Python\Lib\site-packages\django\template\backends\base.py first seen with mtime 1680884067.3086922
File D:\Python\Lib\site-packages\django\utils\http.py first seen with mtime 1680884067.3754945
File D:\Python\Lib\site-packages\django\core\files\utils.py first seen with mtime 1680884067.041624
File D:\Python\Lib\site-packages\django\db\migrations\operations\__init__.py first seen with mtime 1680884067.1584885
File D:\Python\Lib\site-packages\django\contrib\auth\management\__init__.py first seen with mtime 1680884063.2845857
File D:\Python\Lib\site-packages\twisted\protocols\policies.py first seen with mtime 1695560914.1659074
File D:\Python\Lib\site-packages\django\views\decorators\debug.py first seen with mtime 1680884067.4085934
File D:\Python\Lib\site-packages\django\contrib\sites\requests.py first seen with mtime 1680884066.8243814
File D:\Python\Lib\site-packages\urllib3\fields.py first seen with mtime 1631550255.8870094
File D:\Python\Lib\site-packages\cryptography\x509\extensions.py first seen with mtime 1691918610.1109579
File D:\Python\Lib\site-packages\twisted\_version.py first seen with mtime 1695560913.5103385
File D:\Python\Lib\site-packages\autobahn\twisted\__init__.py first seen with mtime 1695560922.818988
File D:\Python\Lib\site-packages\django\db\backends\signals.py first seen with mtime 1680884067.108328
File D:\Python\Lib\site-packages\psycopg2\_json.py first seen with mtime 1688494062.0332
File D:\Python\Lib\site-packages\urllib3\util\queue.py first seen with mtime 1631550255.9274216
File D:\Python\Lib\secrets.py first seen with mtime 1630344926.0
File D:\Python\Lib\site-packages\asgiref\local.py first seen with mtime 1680884061.1977966
File D:\Python\Lib\site-packages\django\http\response.py first seen with mtime 1680884067.2753184
File D:\Python\Lib\enum.py first seen with mtime 1630344924.0
File D:\Python\Lib\argparse.py first seen with mtime 1630344924.0
File D:\Python\Lib\site-packages\django\http\multipartparser.py first seen with mtime 1680884067.2753184
File D:\Python\Lib\site-packages\channels\apps.py first seen with mtime 1695118912.1279812
File D:\Python\Lib\site-packages\cryptography\hazmat\primitives\kdf\__init__.py first seen with mtime 1691918610.0958247
File D:\Python\Lib\site-packages\ckeditor\__init__.py first seen with mtime 1694284346.7750888
File D:\Python\Lib\site-packages\django\db\models\functions\window.py first seen with mtime 1680884067.191825
File D:\Python\Lib\site-packages\requests\models.py first seen with mtime 1631550258.584954
File D:\Python\Lib\site-packages\twisted\cred\__init__.py first seen with mtime 1695560913.7372794
File D:\Python\Lib\site-packages\django\contrib\messages\constants.py first seen with mtime 1680884066.256763
File D:\Python\Lib\site-packages\cryptography\hazmat\primitives\serialization\ssh.py first seen with mtime 1691918610.1049585
File D:\Python\Lib\site-packages\cryptography\hazmat\primitives\asymmetric\ed25519.py first seen with mtime 1691918610.0846932
File D:\Python\Lib\configparser.py first seen with mtime 1630344924.0
File D:\Python\Lib\site-packages\urllib3\util\proxy.py first seen with mtime 1631550255.9274216
File D:\Python\Lib\asyncio\staggered.py first seen with mtime 1630344924.0
File D:\Python\Lib\site-packages\attr\_next_gen.py first seen with mtime 1695560912.8300104
File D:\Python\Lib\site-packages\django\db\migrations\utils.py first seen with mtime 1680884067.1584885
File D:\Python\Lib\site-packages\cryptography\utils.py first seen with mtime 1691918609.9544826
File D:\Python\Lib\sre_constants.py first seen with mtime 1630344926.0
File D:\Python\Lib\site-packages\django\utils\deprecation.py first seen with mtime 1680884067.3587515
File D:\Python\DLLs\_ctypes.pyd first seen with mtime 1630345004.0
File D:\Python\Lib\traceback.py first seen with mtime 1630344926.0
File D:\Python\Lib\site-packages\sqlparse\formatter.py first seen with mtime 1680884060.9135888
File D:\Python\Lib\site-packages\autobahn\exception.py first seen with mtime 1695560922.7982378
File D:\Python\Lib\site-packages\django\core\checks\security\csrf.py first seen with mtime 1680884067.041624
File D:\Python\Lib\site-packages\cryptography\hazmat\primitives\_asymmetric.py first seen with mtime 1691918610.0735514
File D:\Python\Lib\site-packages\django\core\handlers\base.py first seen with mtime 1680884067.0582619
File D:\Python\Lib\site-packages\click\types.py first seen with mtime 1676736937.0268457
File D:\Python\Lib\ipaddress.py first seen with mtime 1630344924.0
File D:\Python\Lib\getpass.py first seen with mtime 1630344924.0
File D:\Python\Lib\posixpath.py first seen with mtime 1630344926.0
File D:\Python\Lib\site-packages\django\contrib\admin\widgets.py first seen with mtime 1680884062.2493687
File D:\Python\Lib\site-packages\daphne\__init__.py first seen with mtime 1695560925.5718837
File D:\Python\Lib\site-packages\incremental\_version.py first seen with mtime 1695560911.2857618
File D:\Python\Lib\site-packages\twisted\internet\_sslverify.py first seen with mtime 1695560913.7855449
File D:\Python\Lib\site-packages\twisted\logger\_filter.py first seen with mtime 1695560913.9351766
File D:\Python\Lib\site-packages\autobahn\twisted\websocket.py first seen with mtime 1695560922.8364732
File D:\Python\Lib\site-packages\django\contrib\messages\storage\__init__.py first seen with mtime 1680884066.256763
File D:\Python\Lib\site-packages\django\forms\models.py first seen with mtime 1680884067.20854
File D:\Python\Lib\site-packages\pyasn1\compat\calling.py first seen with mtime 1676917668.3022857
File D:\Python\Lib\site-packages\urllib3\util\timeout.py first seen with mtime 1631550255.936997
File D:\Python\Lib\site-packages\charset_normalizer\constant.py first seen with mtime 1631550257.9724667
